This is pdfTeX, Version 3.14159265-2.6-1.40.16 (MiKTeX 2.9 64-bit) (preloaded format=pdftex 2016.7.11)  11 JUL 2016 13:33
entering extended mode
**D:/CEFET/TCC/Repositorio/Monografia/bibfile.bib
(D:/CEFET/TCC/Repositorio/Monografia/bibfile.bib
Overfull \hbox (0.46832pt too wide) in paragraph at lines 1--11
\tenrm tions on semi-con-duc-tor man-u-fac-tur-ing, vol-ume=24, num-ber=2, page
s=202--207, year=2011, pub-lisher=IEEE|

\hbox(6.94444+1.94444)x469.75499, glue set - 1.0
.\tenrm t
.\tenrm i
.\tenrm o
.\tenrm n
.\tenrm s
.etc.


Underfull \hbox (badness 10000) in paragraph at lines 1--11


\hbox(0.0+0.0)x469.75499
.\glue(\rightskip) 0.0

)
*
! Emergency stop.
<*> ...EFET/TCC/Repositorio/Monografia/bibfile.bib
                                                  
End of file on the terminal!

!  ==> Fatal error occurred, no output PDF file produced!
