Flow report for leon3mp_quartus
Tue Jul 19 22:53:43 2016
Quartus II 32-bit Version 13.0.1 Build 232 06/12/2013 Service Pack 1 SJ Web Edition


---------------------
; Table of Contents ;
---------------------
  1. Legal Notice
  2. Flow Summary
  3. Flow Settings
  4. Flow Non-Default Global Settings
  5. Flow Elapsed Time
  6. Flow OS Summary
  7. Flow Log
  8. Flow Messages
  9. Flow Suppressed Messages



----------------
; Legal Notice ;
----------------
Copyright (C) 1991-2013 Altera Corporation
Your use of Altera Corporation's design tools, logic functions 
and other software and tools, and its AMPP partner logic 
functions, and any output files from any of the foregoing 
(including device programming or simulation files), and any 
associated documentation or information are expressly subject 
to the terms and conditions of the Altera Program License 
Subscription Agreement, Altera MegaCore Function License 
Agreement, or other applicable license agreement, including, 
without limitation, that your use is for the sole purpose of 
programming logic devices manufactured by Altera and sold by 
Altera or its authorized distributors.  Please refer to the 
applicable agreement for further details.



+--------------------------------------------------------------------------------------+
; Flow Summary                                                                         ;
+------------------------------------+-------------------------------------------------+
; Flow Status                        ; Successful - Tue Jul 19 22:53:36 2016           ;
; Quartus II 32-bit Version          ; 13.0.1 Build 232 06/12/2013 SP 1 SJ Web Edition ;
; Revision Name                      ; leon3mp_quartus                                 ;
; Top-level Entity Name              ; leon3mp                                         ;
; Family                             ; Cyclone II                                      ;
; Device                             ; EP2C35F672C6                                    ;
; Timing Models                      ; Final                                           ;
; Total logic elements               ; 12,608 / 33,216 ( 38 % )                        ;
;     Total combinational functions  ; 11,980 / 33,216 ( 36 % )                        ;
;     Dedicated logic registers      ; 4,487 / 33,216 ( 14 % )                         ;
; Total registers                    ; 4487                                            ;
; Total pins                         ; 196 / 475 ( 41 % )                              ;
; Total virtual pins                 ; 0                                               ;
; Total memory bits                  ; 182,528 / 483,840 ( 38 % )                      ;
; Embedded Multiplier 9-bit elements ; 8 / 70 ( 11 % )                                 ;
; Total PLLs                         ; 1 / 4 ( 25 % )                                  ;
+------------------------------------+-------------------------------------------------+


+-----------------------------------------+
; Flow Settings                           ;
+-------------------+---------------------+
; Option            ; Setting             ;
+-------------------+---------------------+
; Start date & time ; 07/19/2016 22:50:11 ;
; Main task         ; Compilation         ;
; Revision Name     ; leon3mp_quartus     ;
+-------------------+---------------------+


+-------------------------------------------------------------------------------------------------------------------------------------------------------+
; Flow Non-Default Global Settings                                                                                                                      ;
+---------------------------------------------------+---------------------------------------+--------------------------------+-------------+------------+
; Assignment Name                                   ; Value                                 ; Default Value                  ; Entity Name ; Section Id ;
+---------------------------------------------------+---------------------------------------+--------------------------------+-------------+------------+
; COMPILER_SIGNATURE_ID                             ; 247232645286946.146897941121465       ; --                             ; --          ; --         ;
; FLOW_ENABLE_IO_ASSIGNMENT_ANALYSIS                ; On                                    ; Off                            ; --          ; --         ;
; MAX_CORE_JUNCTION_TEMP                            ; 85                                    ; --                             ; --          ; --         ;
; MIN_CORE_JUNCTION_TEMP                            ; 0                                     ; --                             ; --          ; --         ;
; NUM_PARALLEL_PROCESSORS                           ; 2                                     ; --                             ; --          ; --         ;
; OPTIMIZE_HOLD_TIMING                              ; All Paths                             ; IO Paths and Minimum TPD Paths ; --          ; --         ;
; PARTITION_COLOR                                   ; 16764057                              ; --                             ; leon3mp     ; Top        ;
; PARTITION_FITTER_PRESERVATION_LEVEL               ; PLACEMENT_AND_ROUTING                 ; --                             ; leon3mp     ; Top        ;
; PARTITION_NETLIST_TYPE                            ; SOURCE                                ; --                             ; leon3mp     ; Top        ;
; PHYSICAL_SYNTHESIS_ASYNCHRONOUS_SIGNAL_PIPELINING ; On                                    ; Off                            ; --          ; --         ;
; PHYSICAL_SYNTHESIS_COMBO_LOGIC                    ; On                                    ; Off                            ; --          ; --         ;
; PHYSICAL_SYNTHESIS_REGISTER_DUPLICATION           ; On                                    ; Off                            ; --          ; --         ;
; PHYSICAL_SYNTHESIS_REGISTER_RETIMING              ; On                                    ; Off                            ; --          ; --         ;
; POWER_BOARD_THERMAL_MODEL                         ; None (CONSERVATIVE)                   ; --                             ; --          ; --         ;
; POWER_PRESET_COOLING_SOLUTION                     ; 23 MM HEAT SINK WITH 200 LFPM AIRFLOW ; --                             ; --          ; --         ;
; RAPID_RECOMPILE_MODE                              ; On                                    ; Off                            ; --          ; --         ;
; SMART_RECOMPILE                                   ; On                                    ; Off                            ; --          ; --         ;
; TOP_LEVEL_ENTITY                                  ; leon3mp                               ; leon3mp_quartus                ; --          ; --         ;
+---------------------------------------------------+---------------------------------------+--------------------------------+-------------+------------+


+-------------------------------------------------------------------------------------------------------------------------------+
; Flow Elapsed Time                                                                                                             ;
+---------------------------+--------------+-------------------------+---------------------+------------------------------------+
; Module Name               ; Elapsed Time ; Average Processors Used ; Peak Virtual Memory ; Total CPU Time (on all processors) ;
+---------------------------+--------------+-------------------------+---------------------+------------------------------------+
; Analysis & Synthesis      ; 00:01:14     ; 1.0                     ; 548 MB              ; 00:01:14                           ;
; I/O Assignment Analysis   ; 00:00:11     ; 1.0                     ; 399 MB              ; 00:00:11                           ;
; Fitter                    ; 00:01:43     ; 1.0                     ; 652 MB              ; 00:01:43                           ;
; Assembler                 ; 00:00:03     ; 1.0                     ; 373 MB              ; 00:00:03                           ;
; TimeQuest Timing Analyzer ; 00:00:06     ; 1.0                     ; 443 MB              ; 00:00:06                           ;
; Total                     ; 00:03:17     ; --                      ; --                  ; 00:03:17                           ;
+---------------------------+--------------+-------------------------+---------------------+------------------------------------+


+-----------------------------------------------------------------------------------------+
; Flow OS Summary                                                                         ;
+---------------------------+------------------+------------+------------+----------------+
; Module Name               ; Machine Hostname ; OS Name    ; OS Version ; Processor type ;
+---------------------------+------------------+------------+------------+----------------+
; Analysis & Synthesis      ; mint--elias-note ; Linux Mint ; 17         ; x86_64         ;
; I/O Assignment Analysis   ; mint--elias-note ; Linux Mint ; 17         ; x86_64         ;
; Fitter                    ; mint--elias-note ; Linux Mint ; 17         ; x86_64         ;
; Assembler                 ; mint--elias-note ; Linux Mint ; 17         ; x86_64         ;
; TimeQuest Timing Analyzer ; mint--elias-note ; Linux Mint ; 17         ; x86_64         ;
+---------------------------+------------------+------------+------------+----------------+


------------
; Flow Log ;
------------
quartus_map --read_settings_files=on --write_settings_files=off leon3mp_quartus -c leon3mp_quartus
quartus_fit --read_settings_files=off --write_settings_files=off leon3mp_quartus -c leon3mp_quartus --check_ios
quartus_fit --read_settings_files=off --write_settings_files=off leon3mp_quartus -c leon3mp_quartus
quartus_asm --read_settings_files=off --write_settings_files=off leon3mp_quartus -c leon3mp_quartus
quartus_sta leon3mp_quartus -c leon3mp_quartus



